Громкость
setValue "master_volume" 30
send "mv 1e\r\n"
slReadyRead "mv 1e\r00\n"

ER on/off
setValue "early_on" 1
send "eo 1\r\n"
slReadyRead "eo 1\r00\n"

ER Type 0, 1, 2
setValue "early_type" 0
send "et 0\r\n"
slReadyRead "et 0\r00\n"

ER Volume
setValue "early_volume" 15
send "ev f\r\n"
slReadyRead "ev f\r00\n"


Presense Off
setValue "presence_on" 0
send "po 0\r\n"
slReadyRead "po 0\r00\n"

Presense Volume
setValue "presence_volume" 14
send "pv e\r\n"
slReadyRead "pv e\r00\n"

LP Off
setValue "lpf_on" 0
send "lo 0\r\n"
slReadyRead "lo 0\r00\n

LP Частотка (1180)
setValue "lpf_volume" 176
send "lv b0\r\n"
slReadyRead "lv b0\r00\n"

HP On
setValue "hpf_on" 1
send "ho 1\r\n"
slReadyRead "ho 1\r00\n"

HP Частотка (120)
setValue "hpf_volume" 26
send "hv 1a\r\n"
slReadyRead "hv 1a\r00\n"


EQ Pre / Post (0 - Post; 1 - Pre)
setValue "eq_pre" 1
send "eqp 1\r\n"
slReadyRead "eqp 1\r00\n"

EQ On
setValue "eq_on" 1
send "eqo 1\r\n"
slReadyRead "eqo 1\r"


    EQ-Микшер eq_volume[1..5] -> eqv [0..4]
        setValue "eq_volume1" 16
        send "eqv 0 10\r\n"
        slReadyRead "eqv 0 10\r"

        setValue "eq_volume5" 16
        send "eqv 4 10\r\n"
        slReadyRead "eqv 4 10\r"

    EQ-Частоты eq_freq[1..5] eqf [0..4]
        109
        setValue "eq_freq1" 245
        send "eqf 0 f5\r\n"
        slReadyRead "eqf 0 f5\r"
        6000
        setValue "eq_freq5" 0
        send "eqf 4 0\r\n"
        slReadyRead "eqf 4 0\r"

    EQ-Добротность
        8.8
        setValue "eq_q1" 243
        send "eqq 0 f3\r\n"
        slReadyRead "eqq 0 f3\r"
        10.6
        setValue "eq_q5" 5
        send "eqq 4 5\r\n"
        slReadyRead "eqq 4 5\r"

IR Off
setValue "cabinet_enable" 0
send "ce 0\r\n"
slReadyRead "ce 0\r00\n"
getCabSim

PA Off
setValue "amp_on" 0
send "ao 0\r\n"
slReadyRead "ao 0\r00\n"

PA Type (8 Brit L)
setValue "amp_type" 7
send "at 7\r\n"
slReadyRead "at 7\rEND\n"

PA Volume (21)
setValue "amp_volume" 21
send "av 15\r\n"
slReadyRead "av 15\r00\n"

PA Slave (16)
setValue "amp_slave" 16
send "as 10\r\n"
slReadyRead "as 10\r00\n"

PR On
setValue "preamp_on" 1
send "pro 1\r\n"
slReadyRead "pro 1\r00\n"

PR High (44)
setValue "preamp_high" 236
send "prh ec\r\n"
slReadyRead "prh ec\r00\n"

PR Mid (42)
setValue "preamp_mid" 234
send "prm ea\r\n"
slReadyRead "prm ea\r00\n"

PR Low (29)
setValue "preamp_low" 221
send "prl dd\r\n"
slReadyRead "prl dd\r00\n"

PR Volume (11)
setValue "preamp_volume" 11
send "prv b\r\n"
slReadyRead "prv b\r00\n"

CM On
setValue "compreccor_on" 1
send "co 1\r\n"
slReadyRead "co 1\r00\n"

CM Sustain (15)
setValue "compreccor_sustein" 15
send "cs f\r\n"
slReadyRead "cs f\r00\n"

CM Volume (14)
setValue "compreccor_volume" 14
send "cv e\r\n"
slReadyRead "cv e\r00\n"

NG On
setValue "gate_on" 1
send "go 1\r\n"
slReadyRead "go 1\r00\n"

NG Thresh 3
setValue "gate_threshold" 3
send "gt 3\r\n"
slReadyRead "gt 3\r00\n"

NG Decay 2
setValue "gate_decay" 2
send "gd 2\r\n"
slReadyRead "gd 2\r00\n"


Mode (режим phones, line, balance: 0, 1, 2)
setValue "mode" 0
send "gm 0\r\n"
slReadyRead "gm 0\r"


--- SAVE ---

setValue "save_change" 255
sendCount 0
send "sp\r\n"
save4
slReadyRead "sp\r"
slReadyRead "END\n"
savePreset



-- Загрузка импульса

Model size of -6 is less than 0
$$$$$ setImpuls 592
qml: impulse_name 0 0 fe_             65 TWN          2x12 Jensen C12KCond    Cap 0_ .wav
qml: nomRow 0   nomElement 0  name: fe_             65 TWN          2x12 Jensen C12KCond    Cap 0_ .wav
decodeWav "/Users/aatikhonov/Desktop/AMT Pangaea/Импульсы/CP-100/Cabs/FE 65 TWN/_Cond Cap/fe_             65 TWN          2x12 Jensen C12KCond    Cap 0_ .wav" false
numChannels 1
bitPerSample 24
__FUNCTION__ slDecodeStop 1114
sendCount 0
send "cc s 1\r66af42e3a57b362c6e4ea674547f6aed7b581923469fdb1cb2951ccb442201ff1a1dad14048f07711b092d7a00f461eb7394eefe29f84a67faf548fd58bafc9aacf63b9bf5883202420705e108057459057f6402de0af9c026ec11d7e7b561e4a55ae13a84e11088df4681d860e1d1d11fd02833cc0aafd33d39e0fa84eff235ff2b2109cef2100f3f0a619203ac5dff3930f6e7c4f5e4c4f77a1cf7fc2cf709d6f5fb83f02443eb4d8feaa8dae870b0ea20dbee3584f20bfff7de7ffc96360006d3002cc3008fccff12fbf88f84f2763aee159cedc6e6ef0956f36bddf79580f9fb23f9289bf3b4daec7876eab286eab0bbee547af48"
send "a48fe50a9079c130b6e550ec54a0ebe810d94ff0bf0b707fe8f05091e0402850332a802ec1801963cfec8d6f9448af6d1d3f2e56ff04465eee4ebee357bf24ca1f45416f872fcf94fe1faf0a6fab8c8f7ecbdf57b0af40594f4704df588baf66790f978f9fa9a9bfbdbdcf9c483f8d18ef754b6f597e2f5f237f71c33fa1fe0fba04bfc1b4efdb021fdaa18fd38fffb747cfbbccbfc7a07fee0d5ff348701cee2031bd50406ee0435710597b90478ad04584204ec3804b5c304a8d404cb5305f3e4049cf704f82a04f3ac021e7502ba59023a4603e218047946058c730694600624bf05342f04b61e03f5ac01a552006241004ca5009af80155e"
send "00219130404dc0463500494830333fe01c4b501b9fa0188700269c903bfd004829f05f9ee04966603189a013856ffce74fdc9ddfb40f6fbfddafca622fee02e00d0000286c403018e0457f804e40f05f290040428042f5903ba4e030e45035dcd02bc720255d301413f01181400825effe040ff3c08ff4f02ffceacfec5f8fe164cff6022ffb9bafe5dd9fd2c89fd7949fde565fdc310fe30cbfe23b2ffaa1c00498400cf7d00fc180098c6ff7d74ff37d5fff83d007ed100f3620166b3012d140214ea01c5d4015bab01a05001cd000158aa00d1ab00e8490001feffa5e8ff6facffb488ff261dff9af8fee9e9fe10ddfe0c03ff342affc0abf"
send "fe8ddff86ebffedf0ff97d3ff93d4ff8eb0ff57cafffad3ff21bdff2b92ff9932ff5f2eff060fffc7edfe31dcfe97fbfe689fff8431006de200c996014a36027aa80212b00202b102194e026cc701863401d59300ab2d0094beffe87eff9e41ffae0bff42e6fee7bbfe4efcfeaf45ffa1afff662d006d9a00181401414201f056014e30018dc6008b2d004768ffb9ebfe8771fe0420febf0dfe3e38fed8aafedb0bffd572ff35b7ff58ebffa82f007856004b8300508100a48000036d001d3d00751b0000ccffe37fff0438ffdf07ffdcf2fec7d3fe67e6feeee1fec8ddfe7cdefee5dcfe9df2fe67f0fe8801ff1b1bff7246ff3b7aff5095ffd"
send "5ceffbddbffc7c6ff059cffbf4dff4af4fe879dfe7866fe112cfee720fe5b41fea640fe2156fecc69fe687efee19dfe19ecfe3f68ff6accffae3200e68300d0b6005dd50078cb0082bd00399e00f39b00b0b50080e700dd3d01cb8d01f9dc01ec1a02f146022263021c6d02108f02ddaa02d4c502e6d30238dd02cde90211cf02bb9f02ac5f02141f02d7d4013a710197270125e5004fb300598800265b00e23c00051c001eeeff73a6ff7876ff9e5dffb228ffedf8fe1fdefe54effed1f8fea9c4fe778cfee074fe9d69fe0156fec76dfed8a8fe53bdfe2ba8feda84fec576fee058fe2630fe072dfe0a3afe1735fec8fcfdd5b7fdaa8bfd656"
send "cfdb65cfd1e7ffd10ecfd395dfe57b5fe0c03fff620ffb028ff9f2cff162bff1748ffdb9bffc50a00d56b008bbe009bf800862f019b82019bdf01cc4502ca9d022af3025143037a7903efa50317d203b20104f02904b14604255c04e86c04b96f045b4404b72504c42e041f3b04864c04995a047e410420020454c503f39403586b03c05b03824d03d24203892f0302110300020304f10259db02eed30227cc0291ac02867202503502d3e101b48601e03701df0201c8f9007c15018b3401773f010c390160220117f20033cd00c0af00bf9e00b49500b28100bc6b00375a00832e009ce8ff06aeff7282ff1248ffcc14ff0cdafecf99fecf6ff"
send "e784ffee61efe15f2fd88cdfd1fa1fdb684fd5e95fd97befdc00bfe5669fe08c3fe6801ff3c16ff4506ff9be7fe28d5fe88c4fe51affe62c0fe97ecfe7520fff55dff14a0fffbdbffc41f00c05900038c0062b30037c2005aca0080d0000cbc007a9800166300f72700ecf3ffafcfffebb8ff79bcff62e9ff2c3600d88900dcd200280401352901223b01c23c012a2801e00c01d4f200abd40087b6003b9700327a005978004d86003ba3001dd800821601144c01a886011bb801fbd301ebe301b8e601ccd7014dc3013eaf01b8a1019f98019d9201f87c01985c01db36012f0001a3d20031c1004fb900ffb90061c0002dc90083ce0001d000d"
send "6cb00bfc70005c70063c60055c900dcc300b1a900f68300765900c83300941a00271100780e005e0c00790e00d414008b1c00082100b52100e92100f02300b82000691800031400040f00e30a00450d00f10f00a919007f2a003e3300202b00fa190004ffffafe2ff56ceff34bdff63aeff92a8ffe8a1ffcb9bff169dffa3a7fff8b7ff54d0ffccecfffc0a00352500aa3f00c75900f77400128e0031a2009cb000d5c000b4c70006c80075c600fbc1001cc20023cd00fdcc0047b900a89600286f00323c00be0a0076e8ff90d9ff0ad7ffcce1ffcaebff46e5ffa9c9ffa7a5fffc78ff4550ff452aff1904ff89ddfe98bafe5c93fe2371fe5c5"
send "3fe1139fe0c25febb19feb00cfe6009fe7410fee920fedd32fef048fefa5dfecd70fe8a7dfe348afe8795fed7a0fe2cadfee8cbfea2f5fe9021ff6b41ffb651ffe45afffb67ff3071ffe481ffd899ff73b3ff2cc9ff74e0ffb5f4ffb80300fd0800e90e00411400ec1f00de3300fb4e00d46b00df8d00d5ac00f2c9006de0001beb00cbe5002bde0047d700d4d70074e3002bf600ac0401580c019904015cf00017d5003dbd0014ac0006a700b6aa0052b30074b300dba600029100c375001f5200e92c00e40a0097f1ff4ee0ff50d5ffc4c8fffcbbff32afffbca0ffba95ffd28eff9684ff9b7effd17aff8c74ffeb6eff7666ff4f54ff883df"
send "f0327ff0714ff1607ff7601ff6503ff3c0aff5410ff4a13ff4a14ff6515ff8615ff8614ff6a18ff9d20ff232eff0041ff4256ffcf68ffff72ff3372ffc56aff6761ff065dff0661ffdb6dff4d7bffdf87ff8591ffbd96ffc793ff5e8cfff280ffb079ff6a79ff357eff5b84ffc88affee8cff9c8fff228eff5988ff567fff7a73ff3563ff8a5aff9558ff9f5cff6367ffce7bffed8dff289cff13a9ffecb3ffddb5ffd4b8ffe5baff7dbcff4ec0ffd8c7ffa5cfff1bdbff3bdbff15ceff6fb4ff3792ff6a69ffe34affe13bff673fff2153ff2472ff6289ffac97ffba9cff289cff7997ff4596ffdf95ff099cffffa1ff47a2ff349cff2295ff8"
send "487ffbf7bff8f70ff2a65ffc558ff3051fff249ff9b4affb952ffd65dffea64ff6f6aff5c68ff7563ffb45bfff654ff7a50ff2f52ff7e53ff4a5aff0265ffa96cffef6bff326cffba6aff9868ff5264ffdb5fff655dfff55effb05aff8757ff3856ff5756ff305bff1a62ffc963ff8d65ff9665ffb36aff0f75ff9e81ff7b8dffd197ff939cff1aa0ff39a4ff15abff31b3ff07bfff88cfff6ee0ff11eaff34ecffdbe6ff78e0ff16e1ff2eeaff75f5ff70feff5a0300b50600fc0800410d00f61400591f00792b002a3900864500d94b005c4e00d65100225500cd5700245a005f5a00165b00fa5b00265b007f5e00766900bd7400d78200139"
send "70040ac00d4bd0052cd00a6d700a2df00b5e800b3f5008b0301281001d51601311701830c016dfc0007f000aae8003ae50038ec005cf3003ff70061fa00a6fa000ef700abf50016ed005be100dfd70092cf0012c30064b7004cad00afa500e59e00329c00639400a88700797800456b00946200aa61002a5e00bf59008d5500235100e64800fe4100563a000636000a3400d23400493400f33200982d00d32700ee20005a1c008618009b1500e60f009e0800dfffffb3fcffdafbff8afefffe0300ea0b00311300b01b00d61f00\r"
slReadyRead "cc s 1\r"
slReadyRead "ccEND\n"
getccEnd






--- COPY внимание на Parse Impulse


setValue "copy" 0
sendCount 0
send "gs\r\n"
slReadyRead "gs\r0f0f0f0f0f0f011f01000001161106000ddce8ee000000000f0f0000000000000000000000000000010e00\n"
READ GS
getStatus
sendCount 0
send "cc\r\n"
slReadyRead "cc\r"
slReadyRead "fe______________65_TWN__________2x12_Jensen_C12KCond____Cap_0__.wav\n"
slReadyRead "52494646440c000057415645666d7420100000000100010080bb0000803202000300180064617461200c000066af42e3a57b362c6e4ea674547f6aed7b581923469fdb1cb2951ccb442201ff1a1dad14048f07711b092d7a00f461"
slReadyRead "eb7394eefe29f84a67faf548fd58bafc9aacf63b9bf5883202420705e1080574"
slReadyRead "59057f6402de0af9c026ec11d7e7b561e4a55ae13a84e11088df4681d860e1d1d11fd02833cc0aafd33d39e0fa84eff235ff2b2109cef2100f3f0a619203ac5d"
slReadyRead "ff3930f6e7c4f5e4c4f77a1cf7fc2cf709d6f5fb83f02443eb4d8feaa8dae870b0ea20dbee3584f20b"
slReadyRead "fff7de7ffc96360006d3002cc3008fccff12fbf88f84f2763aee159cedc6e6ef0956f36bddf79580f9fb23f9289bf3b4daec7876eab286eab0bbee547af48a48fe50a9079c130b6e550ec54a0ebe810d94ff0bf0b707fe8f05091e040285033"
slReadyRead "2a802ec1801963cfec8d6f9448af6d1d3f2e56ff04465eee4ebee357bf24ca1f"
slReadyRead "45416f872fcf94fe1faf0a6fab8c8f7ecbdf57b0af40594f4704df588baf6679"
slReadyRead "0f978f9fa9a9bfbdbdcf9c483f8d18ef754b6f597e2f5f237f71c33fa1fe0fba"
slReadyRead "04bfc1b4efdb021fdaa18fd38fffb747cfbbccbfc7a07fee0d5ff348701cee20"
slReadyRead "31bd50406ee0435710597b90478ad04584204ec3804b5c304a8d404cb5305f3e"
slReadyRead "4049cf704f82a04f3ac021e7502ba59023a4603"
slReadyRead "e218047946058c730694600624bf05342f04b61e03f5ac01a552006241004ca5009af80155e00219130404dc0463500494830333fe01c4b501b9fa0188700269"
slReadyRead "c903bfd00482"
slReadyRead "9f05f9ee04966603189a013856ffce74fdc9ddfb40f6fbfddafca622fee02e00d0000286c403018e0457f804e40f05f290040428042f5903ba4e030e45035dcd"
slReadyRead "02bc720255d301413f01181400825effe040ff3c08ff4f02ffceacfec5f8fe164cff6022ffb9bafe5dd9fd2c89fd7949fde565fdc310fe30cbfe23b2ffaa1c00"
slReadyRead "498400cf7d00fc1800"
slReadyRead "98c6ff7d74ff37d5fff83d007ed100f3620166b3012d140214ea01c5d4015bab01a05001cd000158aa00d1ab00e8490001feffa5e8ff6facffb488ff261dff9a"
slReadyRead "f8fee9e9fe10ddfe0c03ff342affc0abffe8ddff86ebffedf0ff97d3ff93d4ff8eb0ff57cafffad3ff21bdff2b92ff9932ff5f2eff060fffc7edfe31dcfe97fb"
slReadyRead "fe689fff8431006de2"
slReadyRead "00c996014a36027aa80212b00202b102194e026cc701863401d59300ab2d0094beffe87eff9e41ffae0bff42e6fee7bbfe4efcfeaf45ffa1afff662d006d9a00"
slReadyRead "181401414201f056014e30018dc6008b2d004768ffb9ebfe8771fe0420febf0d"
slReadyRead "fe3e38fed8aafedb0bffd572ff35b7ff58ebffa82f007856004b8300508100a4"
slReadyRead "8000036d001d3d0075"
slReadyRead "1b0000ccffe37fff0438ffdf07ffdcf2fec7d3fe67e6feeee1fec8ddfe7cdefee5dcfe9df2fe67f0"
slReadyRead "fe8801ff1b1bff7246ff3b7aff5095ffd5ceffbddbffc7c6ff059cffbf4dff4a"
slReadyRead "f4fe879dfe7866fe112cfee720fe5b41fea640fe2156fecc69fe687efee19dfe19ecfe3f68ff6accffae3200e68300d0b6005dd50078cb0082bd00399e00f39b00b0b5"
slReadyRead "0080e700dd3d01cb8d01f9dc01ec1a02f146022263021c6d02108f02ddaa02d4"
slReadyRead "c502e6d30238dd02cde90211cf02bb9f02ac5f02141f02d7d4013a710197270125e5004fb300598800265b00e23c00051c001eeeff73a6ff7876ff9e5dffb228ffedf8fe1fdefe54effed1f8fea9c4fe778cfee074fe9d69fe0156fec76dfed8a8fe53bdfe2ba8feda84"
slReadyRead "fec576fee058fe2630fe072dfe0a3afe1735fec8fcfdd5b7fdaa8bfd656cfdb65cfd1e7ffd10ecfd395dfe57b5fe0c03fff620ffb028ff9f2cff162bff1748ffdb9bffc50a00d56b008bbe009bf800862f019b82019bd"
slReadyRead "f01cc4502ca9d022af3025143037a7903efa50317d203b20104f02904b14604255c04e86c04b96f045b4404b72504c42e041f3b04864c04995a047e410420020454c503f39403586b03c05b03824d03d24203892f0302110300020304f10259db02eed30227cc0291ac02867202503502d3e101b48601e03701df0201c8f9007c15018b3401773f010c390160220117f20033cd00c0af00bf9e00b49500b28100bc6b00375a00832e009ce8ff06aeff7282ff1248ffcc14ff0cdafe"
slReadyRead "cf99fecf6ffe784ffee61efe15f2fd88cdfd1fa1fdb684fd5e95fd97befdc00bfe5669fe08c3fe6801ff3c16ff4506ff9be7fe28d5fe88c4fe51affe62c0fe97ecfe7520fff5"
slReadyRead "5dff14a0fffbdbffc41f00c05900038c0062b30037c2005aca0080d0000cbc00"
slReadyRead "7a9800166300f72700ecf3ffafcfffebb8ff79bcff62e9ff2c3600d88900dcd2"
slReadyRead "00280401352901223b01c23c012a2801e00c01d4f200abd40087b6003b970032"
slReadyRead "7a005978004d86003ba3001dd800821601144c01a886011bb801fbd301ebe301"
slReadyRead "b8e601ccd7014dc3013eaf01b8a1019f98019d9201f87c01985c01db36012f00"
slReadyRead "01a3d20031c1004fb900ffb90061c0002dc90083ce"
slReadyRead "0001d000d6cb00bfc70005c70063c60055c900dcc300b1a900f68300765900c83300941a00271100780e005e0c00790e00d414008b1c00082100b52100e92100"
slReadyRead "f02300b82000691800031400040f00e30a00450d00f10f00a919007f2a003e3300202b00fa190004ffffafe2ff56ceff34bdff63aeff92a8ffe8a1ffcb9bff169dffa3a7fff8b7ff54"
slReadyRead "d0ffccecfffc0a00352500aa3f00c75900f77400128e0031a2009cb000d5c000"
slReadyRead "b4c70006c80075c600fbc1001cc20023cd00fdcc0047b900a89600286f00323c00be0a0076e8ff90d9ff0ad7ffcce1ffcaebff46e5ffa9c9ffa7a5fffc78ff45"
slReadyRead "50ff452aff1904ff89ddfe98bafe5c93fe2371fe5c53fe1139fe0c25fe"
slReadyRead "bb19feb00cfe6009fe7410fee920fedd32fef048fefa5dfecd70fe8a7dfe348afe8795fed7a0fe2cadfee8cbfea2f5fe9021ff6b41ffb651ffe45afffb67ff30"
slReadyRead "71ffe481ffd899ff73b3ff2cc9ff74e0ffb5f4"
slReadyRead "ffb80300fd0800e90e00411400ec1f00de3300fb4e00d46b00df8d00d5ac00f2c9006de0001beb00cbe5002bde0047d700d4d70074e3002bf600ac0401580c019904015cf00017d5003dbd0014ac0006a700b6aa0052b30074b300dba6000291"
slReadyRead "00c375001f5200e92c00e40a0097f1ff4ee0ff50d5ffc4c8fffcbbff32afffbca0ffba95ffd28eff96"
slReadyRead "84ff9b7effd17aff8c74ffeb6eff7666ff4f54ff883dff0327ff0714ff1607ff7601ff6503ff3c0aff5410ff4a13ff4a14ff6515ff8615ff8614ff6a18ff9d20ff232eff0041ff4256ffcf68ffff72ff3372ffc56aff6761ff065dff0661ffdb6dff4d7bffdf87f"
slReadyRead "f8591ffbd96ffc793ff5e8cfff280ffb079ff6a79ff357eff5b84ffc88affee8"
slReadyRead "cff9c8fff228eff5988ff567fff7a73ff3563ff8a5aff9558ff9f5cff6367ffce7bffed8dff289cff13a9ffecb3ffddb5ffd4b8ffe5baff7dbcff4ec0ffd8c7f"
slReadyRead "fa5cfff1bdbff3bdbff15ceff6fb4ff3792ff6a69ffe34affe13bff673fff2153ff2472ff6289ffac97ffba9cff289cff7997ff4596ffdf95ff099cffffa1ff4"
slReadyRead "7a2ff349cff2295ff8487ff"
slReadyRead "bf7bff8f70ff2a65ffc558ff3051fff249ff9b4affb952ffd65dffea64ff6f6aff5c68ff7563ffb45bfff654ff7a50ff2f52ff7e53ff4a5aff0265ffa96cffef6bff326cffba"
slReadyRead "6aff9868ff5264ffdb5fff655dfff55effb05aff8757ff3856ff5756ff305bff1a62ffc963ff8d65ff9665ffb36aff0f75ff9e81ff7b8dffd197ff939cff1aa0"
slReadyRead "ff39a4ff15abff31b3ff07bfff88cfff6ee0ff11eaff34ecffdbe6ff78e0ff16e1ff2eeaff75f5ff70feff5a0300b50600fc0800410d00f61400591f00792b002a3900864500d94b005"
slReadyRead "c4e00d65100225500cd5700245a005f5a00165b00fa5b00265b007f5e0076690"
slReadyRead "0bd7400d7820013970040ac00d4bd0052cd00a6d700a2df00b5e800b3f5008b0301281001d51601311701830c016dfc0007f000aae8003ae50038ec005cf3003"
slReadyRead "ff70061fa00a6fa000ef700abf50016ed005be100dfd70092cf0012c30064b7004cad00afa500e59e0"
slReadyRead "0329c00639400a88700797800456b00946200aa61002a5e00bf59008d5500235"
slReadyRead "100e64800fe4100563a000636000a3400d23400493400f33200982d00d32700e"
slReadyRead "e20005a1c008618009b1500e60f009e0800dfffffb3fcffdafbff8afefffe030"
slReadyRead "0ea0b00311300b01b00d61f004d2100f42100f922003e1e00111a001c18009e1200d30600d2"
slReadyRead "fcff86f7ff86fbfffe0600c21600752800a539000942003b4400ae43009e4300334400214400a54000743c00a43700d02d00b01f00eb1700df1600f21800df1c"
slReadyRead "002820004120007821009e2500e92800a42d00ea3700b042002d4c00e954004c49535418000000494e464f56584e470c0000004465636f6e766f6c7665720000\n"
parce getImpuls 2



--- PAST внимание на вставку испульса и пресета





setValue "past" 0
qml: impulse_name 1 0 fe______________65_TWN__________2x12_Jensen_C12KCond____Cap_0__.wav
qml: nomRow 0   nomElement 1  name: fe______________65_TWN__________2x12_Jensen_C12KCond____Cap_0__.wav
sendCount 0
send "gs 1\r0f0f0f0f0f0f011f01000001161106000ddce8ee000000000f0f0000000000000000000000000000010e00\r"
slReadyRead "gs 1\rgsEND\n"
getEND
sendCount 0
send "gs\r\n"
slReadyRead "gs\r0f0f0f0f0f0f011f01000001161106000ddce8ee000000000f0f000000000"
slReadyRead "0000000000000000000010e00\n"
READ GS
getStatus
sendCount 0
send "cc s 1\r66af42e3a57b362c6e4ea674547f6aed7b581923469fdb1cb2951ccb442201ff1a1dad14048f07711b092d7a00f461eb7394eefe29f84a67faf548fd58bafc9aacf63b9bf5883202420705e108057459057f6402de0af9c026ec11d7e7b561e4a55ae13a84e11088df4681d860e1d1d11fd02833cc0aafd33d39e0fa84eff235ff2b2109cef2100f3f0a619203ac5dff3930f6e7c4f5e4c4f77a1cf7fc2cf709d6f5fb83f02443eb4d8feaa8dae870b0ea20dbee3584f20bfff7de7ffc96360006d3002cc3008fccff12fbf88f84f2763aee159cedc6e6ef0956f36bddf79580f9fb23f9289bf3b4daec7876eab286eab0bbee547af48"
send "a48fe50a9079c130b6e550ec54a0ebe810d94ff0bf0b707fe8f05091e0402850332a802ec1801963cfec8d6f9448af6d1d3f2e56ff04465eee4ebee357bf24ca1f45416f872fcf94fe1faf0a6fab8c8f7ecbdf57b0af40594f4704df588baf66790f978f9fa9a9bfbdbdcf9c483f8d18ef754b6f597e2f5f237f71c33fa1fe0fba04bfc1b4efdb021fdaa18fd38fffb747cfbbccbfc7a07fee0d5ff348701cee2031bd50406ee0435710597b90478ad04584204ec3804b5c304a8d404cb5305f3e4049cf704f82a04f3ac021e7502ba59023a4603e218047946058c730694600624bf05342f04b61e03f5ac01a552006241004ca5009af80155e"
send "00219130404dc0463500494830333fe01c4b501b9fa0188700269c903bfd004829f05f9ee04966603189a013856ffce74fdc9ddfb40f6fbfddafca622fee02e00d0000286c403018e0457f804e40f05f290040428042f5903ba4e030e45035dcd02bc720255d301413f01181400825effe040ff3c08ff4f02ffceacfec5f8fe164cff6022ffb9bafe5dd9fd2c89fd7949fde565fdc310fe30cbfe23b2ffaa1c00498400cf7d00fc180098c6ff7d74ff37d5fff83d007ed100f3620166b3012d140214ea01c5d4015bab01a05001cd000158aa00d1ab00e8490001feffa5e8ff6facffb488ff261dff9af8fee9e9fe10ddfe0c03ff342affc0abf"
send "fe8ddff86ebffedf0ff97d3ff93d4ff8eb0ff57cafffad3ff21bdff2b92ff9932ff5f2eff060fffc7edfe31dcfe97fbfe689fff8431006de200c996014a36027aa80212b00202b102194e026cc701863401d59300ab2d0094beffe87eff9e41ffae0bff42e6fee7bbfe4efcfeaf45ffa1afff662d006d9a00181401414201f056014e30018dc6008b2d004768ffb9ebfe8771fe0420febf0dfe3e38fed8aafedb0bffd572ff35b7ff58ebffa82f007856004b8300508100a48000036d001d3d00751b0000ccffe37fff0438ffdf07ffdcf2fec7d3fe67e6feeee1fec8ddfe7cdefee5dcfe9df2fe67f0fe8801ff1b1bff7246ff3b7aff5095ffd"
send "5ceffbddbffc7c6ff059cffbf4dff4af4fe879dfe7866fe112cfee720fe5b41fea640fe2156fecc69fe687efee19dfe19ecfe3f68ff6accffae3200e68300d0b6005dd50078cb0082bd00399e00f39b00b0b50080e700dd3d01cb8d01f9dc01ec1a02f146022263021c6d02108f02ddaa02d4c502e6d30238dd02cde90211cf02bb9f02ac5f02141f02d7d4013a710197270125e5004fb300598800265b00e23c00051c001eeeff73a6ff7876ff9e5dffb228ffedf8fe1fdefe54effed1f8fea9c4fe778cfee074fe9d69fe0156fec76dfed8a8fe53bdfe2ba8feda84fec576fee058fe2630fe072dfe0a3afe1735fec8fcfdd5b7fdaa8bfd656"
send "cfdb65cfd1e7ffd10ecfd395dfe57b5fe0c03fff620ffb028ff9f2cff162bff1748ffdb9bffc50a00d56b008bbe009bf800862f019b82019bdf01cc4502ca9d022af3025143037a7903efa50317d203b20104f02904b14604255c04e86c04b96f045b4404b72504c42e041f3b04864c04995a047e410420020454c503f39403586b03c05b03824d03d24203892f0302110300020304f10259db02eed30227cc0291ac02867202503502d3e101b48601e03701df0201c8f9007c15018b3401773f010c390160220117f20033cd00c0af00bf9e00b49500b28100bc6b00375a00832e009ce8ff06aeff7282ff1248ffcc14ff0cdafecf99fecf6ff"
send "e784ffee61efe15f2fd88cdfd1fa1fdb684fd5e95fd97befdc00bfe5669fe08c3fe6801ff3c16ff4506ff9be7fe28d5fe88c4fe51affe62c0fe97ecfe7520fff55dff14a0fffbdbffc41f00c05900038c0062b30037c2005aca0080d0000cbc007a9800166300f72700ecf3ffafcfffebb8ff79bcff62e9ff2c3600d88900dcd200280401352901223b01c23c012a2801e00c01d4f200abd40087b6003b9700327a005978004d86003ba3001dd800821601144c01a886011bb801fbd301ebe301b8e601ccd7014dc3013eaf01b8a1019f98019d9201f87c01985c01db36012f0001a3d20031c1004fb900ffb90061c0002dc90083ce0001d000d"
send "6cb00bfc70005c70063c60055c900dcc300b1a900f68300765900c83300941a00271100780e005e0c00790e00d414008b1c00082100b52100e92100f02300b82000691800031400040f00e30a00450d00f10f00a919007f2a003e3300202b00fa190004ffffafe2ff56ceff34bdff63aeff92a8ffe8a1ffcb9bff169dffa3a7fff8b7ff54d0ffccecfffc0a00352500aa3f00c75900f77400128e0031a2009cb000d5c000b4c70006c80075c600fbc1001cc20023cd00fdcc0047b900a89600286f00323c00be0a0076e8ff90d9ff0ad7ffcce1ffcaebff46e5ffa9c9ffa7a5fffc78ff4550ff452aff1904ff89ddfe98bafe5c93fe2371fe5c5"
send "3fe1139fe0c25febb19feb00cfe6009fe7410fee920fedd32fef048fefa5dfecd70fe8a7dfe348afe8795fed7a0fe2cadfee8cbfea2f5fe9021ff6b41ffb651ffe45afffb67ff3071ffe481ffd899ff73b3ff2cc9ff74e0ffb5f4ffb80300fd0800e90e00411400ec1f00de3300fb4e00d46b00df8d00d5ac00f2c9006de0001beb00cbe5002bde0047d700d4d70074e3002bf600ac0401580c019904015cf00017d5003dbd0014ac0006a700b6aa0052b30074b300dba600029100c375001f5200e92c00e40a0097f1ff4ee0ff50d5ffc4c8fffcbbff32afffbca0ffba95ffd28eff9684ff9b7effd17aff8c74ffeb6eff7666ff4f54ff883df"
send "f0327ff0714ff1607ff7601ff6503ff3c0aff5410ff4a13ff4a14ff6515ff8615ff8614ff6a18ff9d20ff232eff0041ff4256ffcf68ffff72ff3372ffc56aff6761ff065dff0661ffdb6dff4d7bffdf87ff8591ffbd96ffc793ff5e8cfff280ffb079ff6a79ff357eff5b84ffc88affee8cff9c8fff228eff5988ff567fff7a73ff3563ff8a5aff9558ff9f5cff6367ffce7bffed8dff289cff13a9ffecb3ffddb5ffd4b8ffe5baff7dbcff4ec0ffd8c7ffa5cfff1bdbff3bdbff15ceff6fb4ff3792ff6a69ffe34affe13bff673fff2153ff2472ff6289ffac97ffba9cff289cff7997ff4596ffdf95ff099cffffa1ff47a2ff349cff2295ff8"
send "487ffbf7bff8f70ff2a65ffc558ff3051fff249ff9b4affb952ffd65dffea64ff6f6aff5c68ff7563ffb45bfff654ff7a50ff2f52ff7e53ff4a5aff0265ffa96cffef6bff326cffba6aff9868ff5264ffdb5fff655dfff55effb05aff8757ff3856ff5756ff305bff1a62ffc963ff8d65ff9665ffb36aff0f75ff9e81ff7b8dffd197ff939cff1aa0ff39a4ff15abff31b3ff07bfff88cfff6ee0ff11eaff34ecffdbe6ff78e0ff16e1ff2eeaff75f5ff70feff5a0300b50600fc0800410d00f61400591f00792b002a3900864500d94b005c4e00d65100225500cd5700245a005f5a00165b00fa5b00265b007f5e00766900bd7400d78200139"
send "70040ac00d4bd0052cd00a6d700a2df00b5e800b3f5008b0301281001d51601311701830c016dfc0007f000aae8003ae50038ec005cf3003ff70061fa00a6fa000ef700abf50016ed005be100dfd70092cf0012c30064b7004cad00afa500e59e00329c00639400a88700797800456b00946200aa61002a5e00bf59008d5500235100e64800fe4100563a000636000a3400d23400493400f33200982d00d32700ee20005a1c008618009b1500e60f009e0800dfffffb3fcffdafbff8afefffe0300ea0b00311300b01b00d61f00\r"
slReadyRead "cc s 1\r"
slReadyRead "ccEND\n"
getccEnd
